1_bio_max_vecs.conf 2
1_bdev_open_by_path.conf 1
1_blk_status.conf 2
1_biovec.conf 2
1_bio_alloc.conf 1
1_blk_mq.conf 2
1_complete_and_exit.conf 2
1_deamonize.conf 2
1_cleanup_disk.conf 2
1_cas_blk_mode.conf 1
1_cas_flags.conf 1
1_class_create.conf 1
1_err_no_to_blk_sts.conf 2
1_cleanup_queue.conf 1
1_module_put_and_exit.conf 2
1_get_disk_max_part.conf 1
1_bio_gendisk.conf 2
1_bdev_lookup.conf 2
1_discard_zeros.conf 1
1_hlist.conf 1
1_get_free_memory.conf 1
1_inode.conf 1
1_queue_flag_set.conf 2
1_module_mutex.conf 1
1_bio_flags.conf 2
1_bio_iter.conf 2
1_has_discard_support.conf 1
1_make_request.conf 1
1_blk_queue_exit_workaround_for_rhel.conf 2
1_dentry.conf 2
1_cas_blkdev_default_rq.conf 2
1_queue_chunk_sectors.conf 1
1_queue_limits.conf 1
1_add_disk.conf 2
1_bio_discard.conf 3
1_bdev_nr_sectors.conf 2
1_flush_flag.conf 2
1_bd_part_count.conf 2
1_bdev_whole.conf 2
1_make_req_type.conf 3
1_set_submit_bio.conf 2
1_vfs_ioctl.conf 2
1_bio_err.conf 3
1_bio_dev.conf 3
1_wtlh.conf 2
1_bio_split.conf 3
1_timekeeping.conf 1
1_mq_flags.conf 2
2_bdev_close.conf 1
2_bdev_open.conf 1
1_bd_first_part.conf 3
2_bio_cmpl.conf 1
2_set_discard_flag.conf 1
1_reread_partitions.conf 3
1_vmalloc.conf 2
1_munmap.conf 3
2_generic_acct.conf 2
2_queue_write.conf 2
1_submit_bio.conf 2
2_alloc_disk.conf 3
